0 info it worked if it ends with ok
1 verbose cli [ 'node', '/usr/local/bin/npm', 'install', '-g', 'mocha' ]
2 info using npm@2.11.2
3 info using node@v0.12.5
4 verbose node symlink /usr/local/bin/node
5 verbose install initial load of /usr/local/lib/package.json
6 verbose readDependencies loading dependencies from /usr/local/lib/package.json
7 silly cache add args [ 'mocha', null ]
8 verbose cache add spec mocha
9 silly cache add parsed spec { raw: 'mocha',
9 silly cache add   scope: null,
9 silly cache add   name: 'mocha',
9 silly cache add   rawSpec: '',
9 silly cache add   spec: '*',
9 silly cache add   type: 'range' }
10 silly addNamed mocha@*
11 verbose addNamed "*" is a valid semver range for mocha
12 silly addNameRange { name: 'mocha', range: '*', hasData: false }
13 silly mapToRegistry name mocha
14 silly mapToRegistry using default registry
15 silly mapToRegistry registry https://registry.npmjs.org/
16 silly mapToRegistry uri https://registry.npmjs.org/mocha
17 verbose addNameRange registry:https://registry.npmjs.org/mocha not in flight; fetching
18 verbose request uri https://registry.npmjs.org/mocha
19 verbose request no auth needed
20 info attempt registry request try #1 at 12:29:47
21 verbose request id f1d885db9aa308ca
22 verbose etag "4230GOE58P1PHFUTCV9PVDYE9"
23 http request GET https://registry.npmjs.org/mocha
24 http 304 https://registry.npmjs.org/mocha
25 silly get cb [ 304,
25 silly get   { date: 'Sat, 08 Aug 2015 03:29:49 GMT',
25 silly get     via: '1.1 varnish',
25 silly get     'cache-control': 'max-age=60',
25 silly get     etag: '"4230GOE58P1PHFUTCV9PVDYE9"',
25 silly get     age: '0',
25 silly get     connection: 'keep-alive',
25 silly get     'x-served-by': 'cache-nrt6127-NRT',
25 silly get     'x-cache': 'HIT',
25 silly get     'x-cache-hits': '1',
25 silly get     'x-timer': 'S1439004589.609362,VS0,VE197',
25 silly get     vary: 'Accept' } ]
26 verbose etag https://registry.npmjs.org/mocha from cache
27 verbose get saving mocha to /Users/yamamoto/.npm/registry.npmjs.org/mocha/.cache.json
28 silly addNameRange number 2 { name: 'mocha', range: '*', hasData: true }
29 silly addNameRange versions [ 'mocha',
29 silly addNameRange   [ '0.0.1-alpha1',
29 silly addNameRange     '0.0.1-alpha2',
29 silly addNameRange     '0.0.1-alpha3',
29 silly addNameRange     '0.0.1-alpha4',
29 silly addNameRange     '0.0.1-alpha5',
29 silly addNameRange     '0.0.1-alpha6',
29 silly addNameRange     '0.0.1',
29 silly addNameRange     '0.0.2',
29 silly addNameRange     '0.0.3',
29 silly addNameRange     '0.0.4',
29 silly addNameRange     '0.0.5',
29 silly addNameRange     '0.0.6',
29 silly addNameRange     '0.0.7',
29 silly addNameRange     '0.0.8',
29 silly addNameRange     '0.1.0',
29 silly addNameRange     '0.2.0',
29 silly addNameRange     '0.3.0',
29 silly addNameRange     '0.3.1',
29 silly addNameRange     '0.3.2',
29 silly addNameRange     '0.3.3',
29 silly addNameRange     '0.3.4',
29 silly addNameRange     '0.3.6',
29 silly addNameRange     '0.4.0',
29 silly addNameRange     '0.5.0',
29 silly addNameRange     '0.6.0',
29 silly addNameRange     '0.7.0',
29 silly addNameRange     '0.7.1',
29 silly addNameRange     '0.8.0',
29 silly addNameRange     '0.8.1',
29 silly addNameRange     '0.9.0',
29 silly addNameRange     '0.10.0',
29 silly addNameRange     '0.10.1',
29 silly addNameRange     '0.10.2',
29 silly addNameRange     '0.11.0',
29 silly addNameRange     '0.12.0',
29 silly addNameRange     '0.12.1',
29 silly addNameRange     '0.13.0',
29 silly addNameRange     '0.14.0',
29 silly addNameRange     '0.14.1',
29 silly addNameRange     '1.0.0',
29 silly addNameRange     '1.0.1',
29 silly addNameRange     '1.0.2',
29 silly addNameRange     '1.0.3',
29 silly addNameRange     '1.1.0',
29 silly addNameRange     '1.2.0',
29 silly addNameRange     '1.2.1',
29 silly addNameRange     '1.2.2',
29 silly addNameRange     '1.3.0',
29 silly addNameRange     '1.3.1',
29 silly addNameRange     '1.3.2',
29 silly addNameRange     '1.4.0',
29 silly addNameRange     '1.4.1',
29 silly addNameRange     '1.4.2',
29 silly addNameRange     '1.4.3',
29 silly addNameRange     '1.5.0',
29 silly addNameRange     '1.6.0',
29 silly addNameRange     '1.7.0',
29 silly addNameRange     '1.7.1',
29 silly addNameRange     '1.7.2',
29 silly addNameRange     '1.7.3',
29 silly addNameRange     '1.7.4',
29 silly addNameRange     '1.8.0',
29 silly addNameRange     '1.8.1',
29 silly addNameRange     '1.8.2',
29 silly addNameRange     '1.9.0',
29 silly addNameRange     '1.10.0',
29 silly addNameRange     '1.11.0',
29 silly addNameRange     '1.12.0',
29 silly addNameRange     '1.12.1',
29 silly addNameRange     '1.13.0',
29 silly addNameRange     '1.14.0',
29 silly addNameRange     '1.15.0',
29 silly addNameRange     '1.15.1',
29 silly addNameRange     '1.16.0',
29 silly addNameRange     '1.16.1',
29 silly addNameRange     '1.16.2',
29 silly addNameRange     '1.17.0',
29 silly addNameRange     '1.17.1',
29 silly addNameRange     '1.18.0',
29 silly addNameRange     '1.18.1',
29 silly addNameRange     '1.18.2',
29 silly addNameRange     '1.19.0',
29 silly addNameRange     '1.20.0',
29 silly addNameRange     '1.20.1',
29 silly addNameRange     '1.21.0',
29 silly addNameRange     '1.21.1',
29 silly addNameRange     '1.21.2',
29 silly addNameRange     '1.21.3',
29 silly addNameRange     '1.21.4',
29 silly addNameRange     '1.21.5',
29 silly addNameRange     '2.0.0',
29 silly addNameRange     '2.0.1',
29 silly addNameRange     '2.1.0',
29 silly addNameRange     '2.2.0',
29 silly addNameRange     '2.2.1',
29 silly addNameRange     '2.2.3',
29 silly addNameRange     '2.2.4',
29 silly addNameRange     '2.2.5' ] ]
30 silly addNamed mocha@2.2.5
31 verbose addNamed "2.2.5" is a plain semver version for mocha
32 silly cache afterAdd mocha@2.2.5
33 verbose afterAdd /Users/yamamoto/.npm/mocha/2.2.5/package/package.json not in flight; writing
34 verbose afterAdd /Users/yamamoto/.npm/mocha/2.2.5/package/package.json written
35 silly install resolved [ { name: 'mocha',
35 silly install resolved     version: '2.2.5',
35 silly install resolved     description: 'simple, flexible, fun test framework',
35 silly install resolved     keywords: [ 'mocha', 'test', 'bdd', 'tdd', 'tap' ],
35 silly install resolved     author: { name: 'TJ Holowaychuk', email: 'tj@vision-media.ca' },
35 silly install resolved     contributors:
35 silly install resolved      [ [Object],
35 silly install resolved        [Object],
35 silly install resolved        [Object],
35 silly install resolved        [Object],
35 silly install resolved        [Object],
35 silly install resolved        [Object],
35 silly install resolved        [Object],
35 silly install resolved        [Object] ],
35 silly install resolved     license: 'MIT',
35 silly install resolved     repository: { type: 'git', url: 'git://github.com/mochajs/mocha.git' },
35 silly install resolved     maintainers: [ [Object], [Object], [Object] ],
35 silly install resolved     main: './index',
35 silly install resolved     browser: './mocha.js',
35 silly install resolved     bin: { mocha: './bin/mocha', _mocha: './bin/_mocha' },
35 silly install resolved     engines: { node: '>= 0.8.x' },
35 silly install resolved     scripts: { test: 'make test-all' },
35 silly install resolved     dependencies:
35 silly install resolved      { commander: '2.3.0',
35 silly install resolved        debug: '2.0.0',
35 silly install resolved        diff: '1.4.0',
35 silly install resolved        'escape-string-regexp': '1.0.2',
35 silly install resolved        glob: '3.2.3',
35 silly install resolved        growl: '1.8.1',
35 silly install resolved        jade: '0.26.3',
35 silly install resolved        mkdirp: '0.5.0',
35 silly install resolved        'supports-color': '~1.2.0' },
35 silly install resolved     devDependencies: { 'coffee-script': '~1.8.0', should: '~4.0.0' },
35 silly install resolved     files:
35 silly install resolved      [ 'bin',
35 silly install resolved        'images',
35 silly install resolved        'lib',
35 silly install resolved        'index.js',
35 silly install resolved        'mocha.css',
35 silly install resolved        'mocha.js',
35 silly install resolved        'LICENSE' ],
35 silly install resolved     licenses: [ [Object] ],
35 silly install resolved     bugs: { url: 'https://github.com/mochajs/mocha/issues' },
35 silly install resolved     homepage: 'https://github.com/mochajs/mocha',
35 silly install resolved     _id: 'mocha@2.2.5',
35 silly install resolved     _shasum: 'd3b72a4fe49ec9439353f1ac893dbc430d993140',
35 silly install resolved     _from: 'mocha@*',
35 silly install resolved     _npmVersion: '1.4.9',
35 silly install resolved     _npmUser: { name: 'travisjeffery', email: 'tj@travisjeffery.com' },
35 silly install resolved     dist:
35 silly install resolved      { shasum: 'd3b72a4fe49ec9439353f1ac893dbc430d993140',
35 silly install resolved        tarball: 'http://registry.npmjs.org/mocha/-/mocha-2.2.5.tgz' },
35 silly install resolved     directories: {},
35 silly install resolved     _resolved: 'https://registry.npmjs.org/mocha/-/mocha-2.2.5.tgz',
35 silly install resolved     readme: 'ERROR: No README data found!' } ]
36 info install mocha@2.2.5 into /usr/local/lib
37 info installOne mocha@2.2.5
38 verbose installOne of mocha to /usr/local/lib not in flight; installing
39 warn locking Error: EACCES, open '/Users/yamamoto/.npm/_locks/mocha-1cb4102bb5230051.lock'
39 warn locking     at Error (native)
39 warn locking  /Users/yamamoto/.npm/_locks/mocha-1cb4102bb5230051.lock failed { [Error: EACCES, open '/Users/yamamoto/.npm/_locks/mocha-1cb4102bb5230051.lock']
39 warn locking   errno: -13,
39 warn locking   code: 'EACCES',
39 warn locking   path: '/Users/yamamoto/.npm/_locks/mocha-1cb4102bb5230051.lock' }
40 verbose stack Error: Attempt to unlock /usr/local/lib/node_modules/mocha, which hasn't been locked
40 verbose stack     at unlock (/usr/local/lib/node_modules/npm/lib/utils/locker.js:66:11)
40 verbose stack     at cb (/usr/local/lib/node_modules/npm/lib/install.js:1017:5)
40 verbose stack     at /usr/local/lib/node_modules/npm/lib/install.js:1021:20
40 verbose stack     at /usr/local/lib/node_modules/npm/lib/utils/locker.js:40:9
40 verbose stack     at cb (/usr/local/lib/node_modules/npm/node_modules/lockfile/lockfile.js:149:38)
40 verbose stack     at /usr/local/lib/node_modules/npm/node_modules/lockfile/lockfile.js:177:38
40 verbose stack     at FSReqWrap.oncomplete (fs.js:95:15)
41 verbose cwd /Users/yamamoto/work/momosangakomeda.github.io
42 error Darwin 14.4.0
43 error argv "node" "/usr/local/bin/npm" "install" "-g" "mocha"
44 error node v0.12.5
45 error npm  v2.11.2
46 error Attempt to unlock /usr/local/lib/node_modules/mocha, which hasn't been locked
47 error If you need help, you may report this error at:
47 error     <https://github.com/npm/npm/issues>
48 verbose exit [ 1, true ]
